
10월 17, 2023 09:50:30.148 NEW SESSION
10월 17, 2023 09:50:30.149 [3372:9420:1017/095030.146:ERROR:device_event_log_impl.cc(225)] [09:50:30.146] USB: usb_service_win.cc:104 SetupDiGetDeviceProperty({{A45C254E-DF1C-4EFD-8020-67D146A850E0}, 6}) failed: 요소가 없습니다. (0x490)
10월 17, 2023 09:50:30.164 [3372:9420:1017/095030.164:ERROR:device_event_log_impl.cc(225)] [09:50:30.164] USB: usb_service_win.cc:307 SetupDiEnumDeviceInterfaces: 사용 가능한 데이터가 없습니다. (0x103)

10월 17, 2023 16:02:48.779 NEW SESSION
10월 17, 2023 16:02:48.779 [29080:31336:1017/160248.776:ERROR:device_event_log_impl.cc(225)] [16:02:48.776] USB: usb_service_win.cc:104 SetupDiGetDeviceProperty({{A45C254E-DF1C-4EFD-8020-67D146A850E0}, 6}) failed: 요소가 없습니다. (0x490)

10월 18, 2023 09:09:57.575 NEW SESSION
10월 18, 2023 09:09:57.576 INFO: Created TensorFlow Lite XNNPACK delegate for CPU.
10월 18, 2023 09:34:07.534 [31556:6732:1018/093407.533:ERROR:interface_endpoint_client.cc(702)] Message 1 rejected by interface blink.mojom.WidgetHost
10월 18, 2023 09:34:07.544 [31556:6732:1018/093407.543:ERROR:interface_endpoint_client.cc(702)] Message 1 rejected by interface blink.mojom.WidgetHost
10월 18, 2023 09:34:07.545 [31556:6732:1018/093407.543:ERROR:interface_endpoint_client.cc(702)] Message 1 rejected by interface blink.mojom.WidgetHost
10월 18, 2023 13:51:03.970 [31556:20032:1018/135103.969:ERROR:connection_factory_impl.cc(471)] ConnectionHandler failed with net error: -2
10월 18, 2023 14:03:23.484 [31556:6732:1018/140323.483:ERROR:device_event_log_impl.cc(225)] [14:03:23.482] USB: usb_service_win.cc:104 SetupDiGetDeviceProperty({{A45C254E-DF1C-4EFD-8020-67D146A850E0}, 6}) failed: 요소가 없습니다. (0x490)
10월 18, 2023 15:01:45.341 [31556:6732:1018/150145.340:ERROR:interface_endpoint_client.cc(702)] Message 1 rejected by interface blink.mojom.WidgetHost
10월 18, 2023 15:31:47.368 [31556:20032:1018/153147.368:ERROR:connection_factory_impl.cc(428)] Failed to connect to MCS endpoint with error -106
10월 18, 2023 15:32:12.38 [31556:20032:1018/153212.038:ERROR:connection_factory_impl.cc(428)] Failed to connect to MCS endpoint with error -106
10월 18, 2023 15:33:01.470 [31556:20032:1018/153301.470:ERROR:connection_factory_impl.cc(428)] Failed to connect to MCS endpoint with error -106
10월 18, 2023 16:04:26.630 [31556:6732:1018/160426.630:ERROR:interface_endpoint_client.cc(702)] Message 1 rejected by interface blink.mojom.WidgetHost

10월 23, 2023 12:49:00.643 NEW SESSION
10월 23, 2023 12:49:00.643 [15192:21360:1023/124900.639:ERROR:connection_factory_impl.cc(471)] ConnectionHandler failed with net error: -2
10월 23, 2023 13:56:10.947 [15192:17988:1023/135610.946:ERROR:device_event_log_impl.cc(225)] [13:56:10.946] USB: usb_service_win.cc:104 SetupDiGetDeviceProperty({{A45C254E-DF1C-4EFD-8020-67D146A850E0}, 6}) failed: 요소가 없습니다. (0x490)
10월 23, 2023 13:56:25.588 [15192:17988:1023/135625.588:ERROR:interface_endpoint_client.cc(702)] Message 5 rejected by interface blink.mojom.WidgetHost
